<?xml version="1.0" encoding="UTF-8"?>
<!-- Generated by org.testng.reporters.JUnitReportReporter -->
<testsuite hostname="DESKTOP-SNIMC8C" failures="0" tests="1" name="listenersPackage.ValidLoginTest" time="125.182" errors="0" timestamp="2023-12-06T22:07:08 IST" skipped="0">
  <testcase classname="listenersPackage.ValidLoginTest" name="validLoginMethod" time="125.182">
    <system-out>
      <![CDATA[onTestStart
onTestSuccess]]>
    </system-out>
  </testcase> <!-- validLoginMethod -->
  <system-out>
    <![CDATA[onStart
onTestStart
onTestSuccess]]>
  </system-out>
</testsuite> <!-- listenersPackage.ValidLoginTest -->
