<?xml version="1.0" encoding="UTF-8"?>
<!-- Generated by org.testng.reporters.JUnitReportReporter -->
<testsuite hostname="DESKTOP-SNIMC8C" failures="0" tests="1" name="testNGAssertions.AssertionsForNewTest" time="0.044" errors="0" timestamp="2023-12-06T23:10:59 IST" skipped="0">
  <testcase classname="testNGAssertions.AssertionsForNewTest" name="assertMethod" time="0.044">
    <system-out>
      <![CDATA[Launch Browsers
Launch WebApplication By Using URL
Verify And Validate The Login Pafe
Login Performed
Varify and validate the homepage
User Created
Task Created]]>
    </system-out>
  </testcase> <!-- assertMethod -->
  <system-out>
    <![CDATA[Launch Browsers
Launch WebApplication By Using URL
Verify And Validate The Login Pafe
Login Performed
Varify and validate the homepage
User Created
Task Created]]>
  </system-out>
</testsuite> <!-- testNGAssertions.AssertionsForNewTest -->
