<?xml version="1.0" encoding="UTF-8"?>
<!-- Generated by org.testng.reporters.JUnitReportReporter -->
<testsuite hostname="DESKTOP-SNIMC8C" failures="0" tests="2" name="testNGAnnotation_Flag.AnnotationClass" time="0.052" errors="0" timestamp="2023-12-01T11:50:26 IST" skipped="0">
  <testcase classname="testNGAnnotation_Flag.AnnotationClass" name="annotation_Test_Method" time="0.037">
    <system-out>
      <![CDATA[Test Annotation]]>
    </system-out>
  </testcase> <!-- annotation_Test_Method -->
  <testcase classname="testNGAnnotation_Flag.AnnotationClass" name="test2" time="0.015">
    <system-out>
      <![CDATA[Test 2]]>
    </system-out>
  </testcase> <!-- test2 -->
  <system-out>
    <![CDATA[Before Suit
Before Test
Before Class
Before Method Annotation
Test Annotation
After_Method
Before Method Annotation
Test 2
After_Method
After Class
After Test
After Suit]]>
  </system-out>
</testsuite> <!-- testNGAnnotation_Flag.AnnotationClass -->
