<?xml version="1.0" encoding="UTF-8"?>
<!-- Generated by org.testng.reporters.JUnitReportReporter -->
<testsuite hostname="DESKTOP-SNIMC8C" failures="0" tests="1" name="testNGAssertions.AssertionScriptOnOrangeHRM" time="50.411" errors="0" timestamp="2023-12-06T23:16:40 IST" skipped="0">
  <testcase classname="testNGAssertions.AssertionScriptOnOrangeHRM" name="testMethod" time="50.411"/>
</testsuite> <!-- testNGAssertions.AssertionScriptOnOrangeHRM -->
