<?xml version="1.0" encoding="UTF-8"?>
<!-- Generated by org.testng.reporters.JUnitReportReporter -->
<testsuite hostname="DESKTOP-SNIMC8C" failures="0" tests="3" name="testNGAnnotation_Flag.EnabledFlag" time="0.056" errors="0" timestamp="2023-12-02T23:11:50 IST" skipped="0">
  <testcase classname="testNGAnnotation_Flag.EnabledFlag" name="LoginPage" time="0.034">
    <system-out>
      <![CDATA[First Method LoginPage]]>
    </system-out>
  </testcase> <!-- LoginPage -->
  <testcase classname="testNGAnnotation_Flag.EnabledFlag" name="LogoutPage" time="0.015">
    <system-out>
      <![CDATA[First Method LogoutPage]]>
    </system-out>
  </testcase> <!-- LogoutPage -->
  <testcase classname="testNGAnnotation_Flag.EnabledFlag" name="UserPage" time="0.007">
    <system-out>
      <![CDATA[First Method UserPage]]>
    </system-out>
  </testcase> <!-- UserPage -->
  <system-out>
    <![CDATA[First Method LoginPage
First Method LogoutPage
First Method UserPage]]>
  </system-out>
</testsuite> <!-- testNGAnnotation_Flag.EnabledFlag -->
