<?xml version="1.0" encoding="UTF-8"?>
<!-- Generated by org.testng.reporters.JUnitReportReporter -->
<testsuite hostname="DESKTOP-SNIMC8C" failures="0" tests="1" name="testNGAnnotation_Flag.DescriptionFlag" time="0.026" errors="0" timestamp="2023-12-02T22:57:40 IST" skipped="0">
  <testcase classname="testNGAnnotation_Flag.DescriptionFlag" name="method1" time="0.026">
    <system-out>
      <![CDATA[It Is Method1]]>
    </system-out>
  </testcase> <!-- method1 -->
  <system-out>
    <![CDATA[It Is Method1]]>
  </system-out>
</testsuite> <!-- testNGAnnotation_Flag.DescriptionFlag -->
