<?xml version="1.0" encoding="UTF-8"?>
<!-- Generated by org.testng.reporters.JUnitReportReporter -->
<testsuite hostname="DESKTOP-SNIMC8C" failures="0" tests="18" name="testNGAnnotation_Flag.GroupsFlag" time="0.171" errors="0" timestamp="2023-12-04T12:35:24 IST" skipped="0">
  <testcase classname="testNGAnnotation_Flag.GroupsFlag" name="ft6" time="0.012">
    <system-out>
      <![CDATA[Functionality Testing6]]>
    </system-out>
  </testcase> <!-- ft6 -->
  <testcase classname="testNGAnnotation_Flag.GroupsFlag" name="ft5" time="0.008">
    <system-out>
      <![CDATA[Functionality Testing5]]>
    </system-out>
  </testcase> <!-- ft5 -->
  <testcase classname="testNGAnnotation_Flag.GroupsFlag" name="it6" time="0.005">
    <system-out>
      <![CDATA[Integration Testing6]]>
    </system-out>
  </testcase> <!-- it6 -->
  <testcase classname="testNGAnnotation_Flag.GroupsFlag" name="ft4" time="0.011">
    <system-out>
      <![CDATA[Functionality Testing4]]>
    </system-out>
  </testcase> <!-- ft4 -->
  <testcase classname="testNGAnnotation_Flag.GroupsFlag" name="st3" time="0.004">
    <system-out>
      <![CDATA[Smoke Testing3]]>
    </system-out>
  </testcase> <!-- st3 -->
  <testcase classname="testNGAnnotation_Flag.GroupsFlag" name="st5" time="0.011">
    <system-out>
      <![CDATA[Smoke Testing5]]>
    </system-out>
  </testcase> <!-- st5 -->
  <testcase classname="testNGAnnotation_Flag.GroupsFlag" name="it1" time="0.004">
    <system-out>
      <![CDATA[Integration Testing1]]>
    </system-out>
  </testcase> <!-- it1 -->
  <testcase classname="testNGAnnotation_Flag.GroupsFlag" name="it4" time="0.006">
    <system-out>
      <![CDATA[Integration Testing4]]>
    </system-out>
  </testcase> <!-- it4 -->
  <testcase classname="testNGAnnotation_Flag.GroupsFlag" name="it5" time="0.005">
    <system-out>
      <![CDATA[Integration Testing5]]>
    </system-out>
  </testcase> <!-- it5 -->
  <testcase classname="testNGAnnotation_Flag.GroupsFlag" name="ft2" time="0.010">
    <system-out>
      <![CDATA[Functionality Testing2]]>
    </system-out>
  </testcase> <!-- ft2 -->
  <testcase classname="testNGAnnotation_Flag.GroupsFlag" name="ft3" time="0.033">
    <system-out>
      <![CDATA[Functionality Testing3]]>
    </system-out>
  </testcase> <!-- ft3 -->
  <testcase classname="testNGAnnotation_Flag.GroupsFlag" name="st1" time="0.002">
    <system-out>
      <![CDATA[Smoke Testing1]]>
    </system-out>
  </testcase> <!-- st1 -->
  <testcase classname="testNGAnnotation_Flag.GroupsFlag" name="st4" time="0.010">
    <system-out>
      <![CDATA[Smoke Testing4]]>
    </system-out>
  </testcase> <!-- st4 -->
  <testcase classname="testNGAnnotation_Flag.GroupsFlag" name="st2" time="0.003">
    <system-out>
      <![CDATA[Smoke Testing2]]>
    </system-out>
  </testcase> <!-- st2 -->
  <testcase classname="testNGAnnotation_Flag.GroupsFlag" name="st6" time="0.004">
    <system-out>
      <![CDATA[Smoke Testing6]]>
    </system-out>
  </testcase> <!-- st6 -->
  <testcase classname="testNGAnnotation_Flag.GroupsFlag" name="it3" time="0.008">
    <system-out>
      <![CDATA[Integration Testing3]]>
    </system-out>
  </testcase> <!-- it3 -->
  <testcase classname="testNGAnnotation_Flag.GroupsFlag" name="it2" time="0.008">
    <system-out>
      <![CDATA[Integration Testing2]]>
    </system-out>
  </testcase> <!-- it2 -->
  <testcase classname="testNGAnnotation_Flag.GroupsFlag" name="ft1" time="0.027">
    <system-out>
      <![CDATA[Functionality Testing1]]>
    </system-out>
  </testcase> <!-- ft1 -->
  <system-out>
    <![CDATA[Functionality Testing1
Functionality Testing2
Functionality Testing3
Functionality Testing4
Functionality Testing5
Functionality Testing6
Integration Testing1
Integration Testing2
Integration Testing3
Integration Testing4
Integration Testing5
Integration Testing6
Smoke Testing1
Smoke Testing2
Smoke Testing3
Smoke Testing4
Smoke Testing5
Smoke Testing6]]>
  </system-out>
</testsuite> <!-- testNGAnnotation_Flag.GroupsFlag -->
