<?xml version="1.0" encoding="UTF-8"?>
<!-- Generated by org.testng.reporters.JUnitReportReporter -->
<testsuite hostname="DESKTOP-SNIMC8C" failures="0" tests="1" name="testNGExecutionPackage.SelectTest" time="60.374" errors="0" timestamp="2023-11-30T11:20:16 IST" skipped="0">
  <testcase classname="testNGExecutionPackage.SelectTest" name="selectTest" time="60.374"/>
</testsuite> <!-- testNGExecutionPackage.SelectTest -->
