<?xml version="1.0" encoding="UTF-8"?>
<!-- Generated by org.testng.reporters.JUnitReportReporter -->
<testsuite hostname="DESKTOP-SNIMC8C" failures="0" tests="2" name="testNGExecutionPackage.DemoTest1" time="0.840" errors="0" timestamp="2023-11-30T22:43:12 IST" skipped="0">
  <testcase classname="testNGExecutionPackage.DemoTest1" name="method2" time="0.036">
    <system-out>
      <![CDATA[Method2 for the DemoClass1]]>
    </system-out>
  </testcase> <!-- method2 -->
  <testcase classname="testNGExecutionPackage.DemoTest1" name="method1" time="0.804">
    <system-out>
      <![CDATA[Method1 for the DemoClass1]]>
    </system-out>
  </testcase> <!-- method1 -->
  <system-out>
    <![CDATA[Method1 for the DemoClass1
Method2 for the DemoClass1
Method1 for the DemoClass2
Method2 for the DemoClass2
Method1 for the DemoClass3
Method2 for the DemoClass3]]>
  </system-out>
</testsuite> <!-- testNGExecutionPackage.DemoTest1 -->
