<?xml version="1.0" encoding="UTF-8"?>
<!-- Generated by org.testng.reporters.JUnitReportReporter -->
<testsuite hostname="DESKTOP-SNIMC8C" failures="0" tests="2" name="testNGPackage.Demo1" time="0.010" errors="0" timestamp="2023-11-29T11:35:26 IST" skipped="0">
  <testcase classname="testNGPackage.Demo1" name="method4" time="0.005">
    <system-out>
      <![CDATA[Method 2 fro  demo1 class]]>
    </system-out>
  </testcase> <!-- method4 -->
  <testcase classname="testNGPackage.Demo1" name="method3" time="0.005">
    <system-out>
      <![CDATA[Method 1 from demo1 class]]>
    </system-out>
  </testcase> <!-- method3 -->
  <system-out>
    <![CDATA[Test NG Methods1 form demo class
Test NG Methods2 form demo class1
Test NG Class demo2
Method 1 from demo1 class
Method 2 fro  demo1 class]]>
  </system-out>
</testsuite> <!-- testNGPackage.Demo1 -->
