<?xml version="1.0" encoding="UTF-8"?>
<!-- Generated by org.testng.reporters.JUnitReportReporter -->
<testsuite hostname="DESKTOP-SNIMC8C" failures="0" tests="3" name="testNGAnnotation_Flag.DependsOnMethodFlag" time="0.046" errors="0" timestamp="2023-12-04T11:31:27 IST" skipped="0">
  <testcase classname="testNGAnnotation_Flag.DependsOnMethodFlag" name="logout" time="0.013">
    <system-out>
      <![CDATA[logout Page]]>
    </system-out>
  </testcase> <!-- logout -->
  <testcase classname="testNGAnnotation_Flag.DependsOnMethodFlag" name="createUser" time="0.005">
    <system-out>
      <![CDATA[Create user]]>
    </system-out>
  </testcase> <!-- createUser -->
  <testcase classname="testNGAnnotation_Flag.DependsOnMethodFlag" name="login" time="0.028">
    <system-out>
      <![CDATA[Login Page]]>
    </system-out>
  </testcase> <!-- login -->
  <system-out>
    <![CDATA[Login Page
Create user
logout Page]]>
  </system-out>
</testsuite> <!-- testNGAnnotation_Flag.DependsOnMethodFlag -->
