<?xml version="1.0" encoding="UTF-8"?>
<!-- Generated by org.testng.reporters.JUnitReportReporter -->
<testsuite hostname="DESKTOP-SNIMC8C" failures="0" tests="1" name="testNGExecutionPackage.JavaTest" time="73.149" errors="0" timestamp="2023-11-30T23:29:37 IST" skipped="0">
  <testcase classname="testNGExecutionPackage.JavaTest" name="java_Method" time="73.149"/>
</testsuite> <!-- testNGExecutionPackage.JavaTest -->
