<?xml version="1.0" encoding="UTF-8"?>
<!-- Generated by org.testng.reporters.JUnitReportReporter -->
<testsuite hostname="DESKTOP-SNIMC8C" failures="0" tests="1" name="testNGExecutionPackage.SeleniumTest" time="198.164" errors="0" timestamp="2023-11-30T23:29:36 IST" skipped="0">
  <testcase classname="testNGExecutionPackage.SeleniumTest" name="java_SeleniumMethod" time="198.164"/>
</testsuite> <!-- testNGExecutionPackage.SeleniumTest -->
