<?xml version="1.0" encoding="UTF-8"?>
<!-- Generated by org.testng.reporters.JUnitReportReporter -->
<testsuite hostname="DESKTOP-SNIMC8C" failures="0" tests="1" name="testNGPackage.Demo2" time="0.009" errors="0" timestamp="2023-11-29T11:35:26 IST" skipped="0">
  <testcase classname="testNGPackage.Demo2" name="method5" time="0.009">
    <system-out>
      <![CDATA[Test NG Class demo2]]>
    </system-out>
  </testcase> <!-- method5 -->
  <system-out>
    <![CDATA[Test NG Methods1 form demo class
Test NG Methods2 form demo class1
Test NG Class demo2
Method 1 from demo1 class
Method 2 fro  demo1 class]]>
  </system-out>
</testsuite> <!-- testNGPackage.Demo2 -->
