<?xml version="1.0" encoding="UTF-8"?>
<!-- Generated by org.testng.reporters.JUnitReportReporter -->
<testsuite hostname="DESKTOP-SNIMC8C" failures="0" tests="2" name="testNGPackage.Demo" time="0.037" errors="0" timestamp="2023-11-29T11:35:26 IST" skipped="0">
  <testcase classname="testNGPackage.Demo" name="Method2" time="0.008">
    <system-out>
      <![CDATA[Test NG Methods2 form demo class1]]>
    </system-out>
  </testcase> <!-- Method2 -->
  <testcase classname="testNGPackage.Demo" name="Method1" time="0.029">
    <system-out>
      <![CDATA[Test NG Methods1 form demo class]]>
    </system-out>
  </testcase> <!-- Method1 -->
  <system-out>
    <![CDATA[Test NG Methods1 form demo class
Test NG Methods2 form demo class1
Test NG Class demo2
Method 1 from demo1 class
Method 2 fro  demo1 class]]>
  </system-out>
</testsuite> <!-- testNGPackage.Demo -->
