<?xml version="1.0" encoding="UTF-8"?>
<!-- Generated by org.testng.reporters.JUnitReportReporter -->
<testsuite hostname="DESKTOP-SNIMC8C" failures="0" tests="2" name="testNGExecutionPackage.Test3" time="0.033" errors="0" timestamp="2023-11-29T12:19:26 IST" skipped="0">
  <testcase classname="testNGExecutionPackage.Test3" name="method1" time="0.028">
    <system-out>
      <![CDATA[Method 1 from Test3]]>
    </system-out>
  </testcase> <!-- method1 -->
  <testcase classname="testNGExecutionPackage.Test3" name="method2" time="0.005">
    <system-out>
      <![CDATA[Method 2 from Test3]]>
    </system-out>
  </testcase> <!-- method2 -->
  <system-out>
    <![CDATA[Method 1 from Test3
Method 2 from Test3
Method 1 from Test2
Method 1 from Test1
Method 2 from Test1]]>
  </system-out>
</testsuite> <!-- testNGExecutionPackage.Test3 -->
