<?xml version="1.0" encoding="UTF-8"?>
<!-- Generated by org.testng.reporters.JUnitReportReporter -->
<testsuite hostname="DESKTOP-SNIMC8C" failures="0" tests="6" name="testNGAnnotation_Flag.PriorityFlag" time="0.073" errors="0" timestamp="2023-12-02T23:23:38 IST" skipped="0">
  <testcase classname="testNGAnnotation_Flag.PriorityFlag" name="k" time="0.031">
    <system-out>
      <![CDATA[Method of k()]]>
    </system-out>
  </testcase> <!-- k -->
  <testcase classname="testNGAnnotation_Flag.PriorityFlag" name="s" time="0.008">
    <system-out>
      <![CDATA[Method of s()]]>
    </system-out>
  </testcase> <!-- s -->
  <testcase classname="testNGAnnotation_Flag.PriorityFlag" name="a" time="0.005">
    <system-out>
      <![CDATA[Method of a()]]>
    </system-out>
  </testcase> <!-- a -->
  <testcase classname="testNGAnnotation_Flag.PriorityFlag" name="p" time="0.008">
    <system-out>
      <![CDATA[Method of p()]]>
    </system-out>
  </testcase> <!-- p -->
  <testcase classname="testNGAnnotation_Flag.PriorityFlag" name="f" time="0.007">
    <system-out>
      <![CDATA[Method of f()]]>
    </system-out>
  </testcase> <!-- f -->
  <testcase classname="testNGAnnotation_Flag.PriorityFlag" name="h" time="0.014">
    <system-out>
      <![CDATA[Method of h()]]>
    </system-out>
  </testcase> <!-- h -->
  <system-out>
    <![CDATA[Method of k()
Method of s()
Method of a()
Method of f()
Method of p()
Method of h()]]>
  </system-out>
</testsuite> <!-- testNGAnnotation_Flag.PriorityFlag -->
